<?xml version="1.0" encoding="UTF-8"?>
<!-- Generated by org.testng.reporters.JUnitReportReporter -->
<testsuite skipped="0" hostname="IN-apanse-W1" name="util.ExcelDataProvider" tests="5" failures="0" timestamp="22 Apr 2020 08:37:20 GMT" time="0.020" errors="0">
  <testcase name="test" time="0.001" classname="util.ExcelDataProvider"/>
  <testcase name="test" time="0.002" classname="util.ExcelDataProvider"/>
  <testcase name="test" time="0.001" classname="util.ExcelDataProvider"/>
  <testcase name="test" time="0.014" classname="util.ExcelDataProvider"/>
  <testcase name="test" time="0.002" classname="util.ExcelDataProvider"/>
</testsuite> <!-- util.ExcelDataProvider -->
